<?xml version="1.0" encoding="UTF-8"?>
<testsuite xmlns:xsi="http://www.w3.org/2001/XMLSchema-instance" xsi:noNamespaceSchemaLocation="https://maven.apache.org/surefire/maven-surefire-plugin/xsd/surefire-test-report-3.0.xsd" version="3.0" name="TestSuite" time="2.666" tests="3" errors="0" skipped="2" failures="1">
  <properties>
    <property name="java.specification.version" value="18"/>
    <property name="sun.cpu.isalist" value="amd64"/>
    <property name="sun.jnu.encoding" value="Cp1252"/>
    <property name="java.class.path" value="C:\Users\VAIBHAV\eclipse-workspace\CH_Demo\target\test-classes;C:\Users\VAIBHAV\eclipse-workspace\CH_Demo\target\classes;C:\Users\VAIBHAV\.m2\repository\io\rest-assured\rest-assured\3.0.7\rest-assured-3.0.7.jar;C:\Users\VAIBHAV\.m2\repository\org\codehaus\groovy\groovy\2.4.12\groovy-2.4.12.jar;C:\Users\VAIBHAV\.m2\repository\org\codehaus\groovy\groovy-xml\2.4.12\groovy-xml-2.4.12.jar;C:\Users\VAIBHAV\.m2\repository\org\apache\httpcomponents\httpclient\4.5.3\httpclient-4.5.3.jar;C:\Users\VAIBHAV\.m2\repository\org\apache\httpcomponents\httpcore\4.4.6\httpcore-4.4.6.jar;C:\Users\VAIBHAV\.m2\repository\commons-logging\commons-logging\1.2\commons-logging-1.2.jar;C:\Users\VAIBHAV\.m2\repository\commons-codec\commons-codec\1.9\commons-codec-1.9.jar;C:\Users\VAIBHAV\.m2\repository\org\apache\httpcomponents\httpmime\4.5.1\httpmime-4.5.1.jar;C:\Users\VAIBHAV\.m2\repository\org\hamcrest\hamcrest-library\1.3\hamcrest-library-1.3.jar;C:\Users\VAIBHAV\.m2\repository\org\ccil\cowan\tagsoup\tagsoup\1.2.1\tagsoup-1.2.1.jar;C:\Users\VAIBHAV\.m2\repository\io\rest-assured\json-path\3.0.7\json-path-3.0.7.jar;C:\Users\VAIBHAV\.m2\repository\org\codehaus\groovy\groovy-json\2.4.12\groovy-json-2.4.12.jar;C:\Users\VAIBHAV\.m2\repository\io\rest-assured\rest-assured-common\3.0.7\rest-assured-common-3.0.7.jar;C:\Users\VAIBHAV\.m2\repository\io\rest-assured\xml-path\3.0.7\xml-path-3.0.7.jar;C:\Users\VAIBHAV\.m2\repository\javax\xml\bind\jaxb-api\2.2.12\jaxb-api-2.2.12.jar;C:\Users\VAIBHAV\.m2\repository\org\testng\testng\6.9.10\testng-6.9.10.jar;C:\Users\VAIBHAV\.m2\repository\com\beust\jcommander\1.48\jcommander-1.48.jar;C:\Users\VAIBHAV\.m2\repository\org\beanshell\bsh\2.0b4\bsh-2.0b4.jar;C:\Users\VAIBHAV\.m2\repository\org\codehaus\groovy\groovy-all\2.4.5\groovy-all-2.4.5.jar;C:\Users\VAIBHAV\.m2\repository\io\rest-assured\json-schema-validator\3.0.0\json-schema-validator-3.0.0.jar;C:\Users\VAIBHAV\.m2\repository\com\github\fge\json-schema-validator\2.2.6\json-schema-validator-2.2.6.jar;C:\Users\VAIBHAV\.m2\repository\com\google\code\findbugs\jsr305\3.0.0\jsr305-3.0.0.jar;C:\Users\VAIBHAV\.m2\repository\joda-time\joda-time\2.3\joda-time-2.3.jar;C:\Users\VAIBHAV\.m2\repository\com\googlecode\libphonenumber\libphonenumber\6.2\libphonenumber-6.2.jar;C:\Users\VAIBHAV\.m2\repository\com\github\fge\json-schema-core\1.2.5\json-schema-core-1.2.5.jar;C:\Users\VAIBHAV\.m2\repository\com\github\fge\uri-template\0.9\uri-template-0.9.jar;C:\Users\VAIBHAV\.m2\repository\com\github\fge\msg-simple\1.1\msg-simple-1.1.jar;C:\Users\VAIBHAV\.m2\repository\com\github\fge\btf\1.2\btf-1.2.jar;C:\Users\VAIBHAV\.m2\repository\com\github\fge\jackson-coreutils\1.8\jackson-coreutils-1.8.jar;C:\Users\VAIBHAV\.m2\repository\org\mozilla\rhino\1.7R4\rhino-1.7R4.jar;C:\Users\VAIBHAV\.m2\repository\javax\mail\mailapi\1.4.3\mailapi-1.4.3.jar;C:\Users\VAIBHAV\.m2\repository\javax\activation\activation\1.1\activation-1.1.jar;C:\Users\VAIBHAV\.m2\repository\net\sf\jopt-simple\jopt-simple\4.6\jopt-simple-4.6.jar;C:\Users\VAIBHAV\.m2\repository\org\hamcrest\hamcrest-core\2.2\hamcrest-core-2.2.jar;C:\Users\VAIBHAV\.m2\repository\org\hamcrest\hamcrest\2.2\hamcrest-2.2.jar;C:\Users\VAIBHAV\.m2\repository\org\seleniumhq\selenium\selenium-java\4.1.3\selenium-java-4.1.3.jar;C:\Users\VAIBHAV\.m2\repository\org\seleniumhq\selenium\selenium-api\4.1.3\selenium-api-4.1.3.jar;C:\Users\VAIBHAV\.m2\repository\org\seleniumhq\selenium\selenium-chrome-driver\4.1.3\selenium-chrome-driver-4.1.3.jar;C:\Users\VAIBHAV\.m2\repository\com\google\auto\service\auto-service-annotations\1.0.1\auto-service-annotations-1.0.1.jar;C:\Users\VAIBHAV\.m2\repository\com\google\auto\service\auto-service\1.0.1\auto-service-1.0.1.jar;C:\Users\VAIBHAV\.m2\repository\com\google\auto\auto-common\1.2\auto-common-1.2.jar;C:\Users\VAIBHAV\.m2\repository\com\google\guava\guava\31.1-jre\guava-31.1-jre.jar;C:\Users\VAIBHAV\.m2\repository\com\google\guava\failureaccess\1.0.1\failureaccess-1.0.1.jar;C:\Users\VAIBHAV\.m2\repository\com\google\guava\listenablefuture\9999.0-empty-to-avoid-conflict-with-guava\listenablefuture-9999.0-empty-to-avoid-conflict-with-guava.jar;C:\Users\VAIBHAV\.m2\repository\org\checkerframework\checker-qual\3.12.0\checker-qual-3.12.0.jar;C:\Users\VAIBHAV\.m2\repository\com\google\errorprone\error_prone_annotations\2.11.0\error_prone_annotations-2.11.0.jar;C:\Users\VAIBHAV\.m2\repository\com\google\j2objc\j2objc-annotations\1.3\j2objc-annotations-1.3.jar;C:\Users\VAIBHAV\.m2\repository\org\seleniumhq\selenium\selenium-chromium-driver\4.1.3\selenium-chromium-driver-4.1.3.jar;C:\Users\VAIBHAV\.m2\repository\org\seleniumhq\selenium\selenium-json\4.1.3\selenium-json-4.1.3.jar;C:\Users\VAIBHAV\.m2\repository\org\seleniumhq\selenium\selenium-devtools-v85\4.1.3\selenium-devtools-v85-4.1.3.jar;C:\Users\VAIBHAV\.m2\repository\org\seleniumhq\selenium\selenium-devtools-v97\4.1.3\selenium-devtools-v97-4.1.3.jar;C:\Users\VAIBHAV\.m2\repository\org\seleniumhq\selenium\selenium-devtools-v98\4.1.3\selenium-devtools-v98-4.1.3.jar;C:\Users\VAIBHAV\.m2\repository\org\seleniumhq\selenium\selenium-devtools-v99\4.1.3\selenium-devtools-v99-4.1.3.jar;C:\Users\VAIBHAV\.m2\repository\org\seleniumhq\selenium\selenium-edge-driver\4.1.3\selenium-edge-driver-4.1.3.jar;C:\Users\VAIBHAV\.m2\repository\org\seleniumhq\selenium\selenium-firefox-driver\4.1.3\selenium-firefox-driver-4.1.3.jar;C:\Users\VAIBHAV\.m2\repository\org\seleniumhq\selenium\selenium-ie-driver\4.1.3\selenium-ie-driver-4.1.3.jar;C:\Users\VAIBHAV\.m2\repository\org\seleniumhq\selenium\selenium-opera-driver\4.1.3\selenium-opera-driver-4.1.3.jar;C:\Users\VAIBHAV\.m2\repository\org\seleniumhq\selenium\selenium-remote-driver\4.1.3\selenium-remote-driver-4.1.3.jar;C:\Users\VAIBHAV\.m2\repository\io\netty\netty-buffer\4.1.75.Final\netty-buffer-4.1.75.Final.jar;C:\Users\VAIBHAV\.m2\repository\io\netty\netty-codec-http\4.1.75.Final\netty-codec-http-4.1.75.Final.jar;C:\Users\VAIBHAV\.m2\repository\io\netty\netty-codec\4.1.75.Final\netty-codec-4.1.75.Final.jar;C:\Users\VAIBHAV\.m2\repository\io\netty\netty-handler\4.1.75.Final\netty-handler-4.1.75.Final.jar;C:\Users\VAIBHAV\.m2\repository\io\netty\netty-common\4.1.75.Final\netty-common-4.1.75.Final.jar;C:\Users\VAIBHAV\.m2\repository\io\netty\netty-transport-classes-epoll\4.1.75.Final\netty-transport-classes-epoll-4.1.75.Final.jar;C:\Users\VAIBHAV\.m2\repository\io\netty\netty-transport-classes-kqueue\4.1.75.Final\netty-transport-classes-kqueue-4.1.75.Final.jar;C:\Users\VAIBHAV\.m2\repository\io\netty\netty-transport-native-epoll\4.1.75.Final\netty-transport-native-epoll-4.1.75.Final.jar;C:\Users\VAIBHAV\.m2\repository\io\netty\netty-transport-native-kqueue\4.1.75.Final\netty-transport-native-kqueue-4.1.75.Final.jar;C:\Users\VAIBHAV\.m2\repository\io\netty\netty-transport-native-unix-common\4.1.75.Final\netty-transport-native-unix-common-4.1.75.Final.jar;C:\Users\VAIBHAV\.m2\repository\io\netty\netty-transport\4.1.75.Final\netty-transport-4.1.75.Final.jar;C:\Users\VAIBHAV\.m2\repository\io\netty\netty-resolver\4.1.75.Final\netty-resolver-4.1.75.Final.jar;C:\Users\VAIBHAV\.m2\repository\io\opentelemetry\opentelemetry-api\1.12.0\opentelemetry-api-1.12.0.jar;C:\Users\VAIBHAV\.m2\repository\io\opentelemetry\opentelemetry-context\1.12.0\opentelemetry-context-1.12.0.jar;C:\Users\VAIBHAV\.m2\repository\io\opentelemetry\opentelemetry-exporter-logging\1.12.0\opentelemetry-exporter-logging-1.12.0.jar;C:\Users\VAIBHAV\.m2\repository\io\opentelemetry\opentelemetry-sdk-metrics\1.12.0-alpha\opentelemetry-sdk-metrics-1.12.0-alpha.jar;C:\Users\VAIBHAV\.m2\repository\io\opentelemetry\opentelemetry-sdk-logs\1.12.0-alpha\opentelemetry-sdk-logs-1.12.0-alpha.jar;C:\Users\VAIBHAV\.m2\repository\io\opentelemetry\opentelemetry-sdk-common\1.12.0\opentelemetry-sdk-common-1.12.0.jar;C:\Users\VAIBHAV\.m2\repository\io\opentelemetry\opentelemetry-sdk-extension-autoconfigure-spi\1.12.0\opentelemetry-sdk-extension-autoconfigure-spi-1.12.0.jar;C:\Users\VAIBHAV\.m2\repository\io\opentelemetry\opentelemetry-sdk-extension-autoconfigure\1.12.0-alpha\opentelemetry-sdk-extension-autoconfigure-1.12.0-alpha.jar;C:\Users\VAIBHAV\.m2\repository\io\opentelemetry\opentelemetry-sdk-trace\1.12.0\opentelemetry-sdk-trace-1.12.0.jar;C:\Users\VAIBHAV\.m2\repository\io\opentelemetry\opentelemetry-sdk\1.12.0\opentelemetry-sdk-1.12.0.jar;C:\Users\VAIBHAV\.m2\repository\io\opentelemetry\opentelemetry-semconv\1.12.0-alpha\opentelemetry-semconv-1.12.0-alpha.jar;C:\Users\VAIBHAV\.m2\repository\io\ous\jtoml\2.0.0\jtoml-2.0.0.jar;C:\Users\VAIBHAV\.m2\repository\net\bytebuddy\byte-buddy\1.12.8\byte-buddy-1.12.8.jar;C:\Users\VAIBHAV\.m2\repository\org\apache\commons\commons-exec\1.3\commons-exec-1.3.jar;C:\Users\VAIBHAV\.m2\repository\org\asynchttpclient\async-http-client\2.12.3\async-http-client-2.12.3.jar;C:\Users\VAIBHAV\.m2\repository\org\asynchttpclient\async-http-client-netty-utils\2.12.3\async-http-client-netty-utils-2.12.3.jar;C:\Users\VAIBHAV\.m2\repository\io\netty\netty-codec-socks\4.1.60.Final\netty-codec-socks-4.1.60.Final.jar;C:\Users\VAIBHAV\.m2\repository\io\netty\netty-handler-proxy\4.1.60.Final\netty-handler-proxy-4.1.60.Final.jar;C:\Users\VAIBHAV\.m2\repository\io\netty\netty-transport-native-epoll\4.1.60.Final\netty-transport-native-epoll-4.1.60.Final-linux-x86_64.jar;C:\Users\VAIBHAV\.m2\repository\io\netty\netty-transport-native-kqueue\4.1.60.Final\netty-transport-native-kqueue-4.1.60.Final-osx-x86_64.jar;C:\Users\VAIBHAV\.m2\repository\org\reactivestreams\reactive-streams\1.0.3\reactive-streams-1.0.3.jar;C:\Users\VAIBHAV\.m2\repository\com\typesafe\netty\netty-reactive-streams\2.0.4\netty-reactive-streams-2.0.4.jar;C:\Users\VAIBHAV\.m2\repository\com\sun\activation\jakarta.activation\1.2.2\jakarta.activation-1.2.2.jar;C:\Users\VAIBHAV\.m2\repository\org\seleniumhq\selenium\selenium-http\4.1.3\selenium-http-4.1.3.jar;C:\Users\VAIBHAV\.m2\repository\dev\failsafe\failsafe\3.2.3\failsafe-3.2.3.jar;C:\Users\VAIBHAV\.m2\repository\org\seleniumhq\selenium\selenium-safari-driver\4.1.3\selenium-safari-driver-4.1.3.jar;C:\Users\VAIBHAV\.m2\repository\org\seleniumhq\selenium\selenium-support\4.1.3\selenium-support-4.1.3.jar;C:\Users\VAIBHAV\.m2\repository\log4j\log4j\1.2.17\log4j-1.2.17.jar;C:\Users\VAIBHAV\.m2\repository\io\github\bonigarcia\webdrivermanager\5.1.0\webdrivermanager-5.1.0.jar;C:\Users\VAIBHAV\.m2\repository\org\slf4j\slf4j-api\1.7.36\slf4j-api-1.7.36.jar;C:\Users\VAIBHAV\.m2\repository\com\google\code\gson\gson\2.9.0\gson-2.9.0.jar;C:\Users\VAIBHAV\.m2\repository\com\github\docker-java\docker-java\3.2.13\docker-java-3.2.13.jar;C:\Users\VAIBHAV\.m2\repository\com\github\docker-java\docker-java-core\3.2.13\docker-java-core-3.2.13.jar;C:\Users\VAIBHAV\.m2\repository\com\github\docker-java\docker-java-api\3.2.13\docker-java-api-3.2.13.jar;C:\Users\VAIBHAV\.m2\repository\com\fasterxml\jackson\core\jackson-annotations\2.10.3\jackson-annotations-2.10.3.jar;C:\Users\VAIBHAV\.m2\repository\commons-io\commons-io\2.6\commons-io-2.6.jar;C:\Users\VAIBHAV\.m2\repository\org\apache\commons\commons-compress\1.21\commons-compress-1.21.jar;C:\Users\VAIBHAV\.m2\repository\com\fasterxml\jackson\core\jackson-databind\2.10.3\jackson-databind-2.10.3.jar;C:\Users\VAIBHAV\.m2\repository\com\fasterxml\jackson\core\jackson-core\2.10.3\jackson-core-2.10.3.jar;C:\Users\VAIBHAV\.m2\repository\org\bouncycastle\bcpkix-jdk15on\1.64\bcpkix-jdk15on-1.64.jar;C:\Users\VAIBHAV\.m2\repository\org\bouncycastle\bcprov-jdk15on\1.64\bcprov-jdk15on-1.64.jar;C:\Users\VAIBHAV\.m2\repository\org\slf4j\jcl-over-slf4j\1.7.30\jcl-over-slf4j-1.7.30.jar;C:\Users\VAIBHAV\.m2\repository\com\github\docker-java\docker-java-transport-httpclient5\3.2.13\docker-java-transport-httpclient5-3.2.13.jar;C:\Users\VAIBHAV\.m2\repository\com\github\docker-java\docker-java-transport\3.2.13\docker-java-transport-3.2.13.jar;C:\Users\VAIBHAV\.m2\repository\org\apache\httpcomponents\client5\httpclient5\5.0.3\httpclient5-5.0.3.jar;C:\Users\VAIBHAV\.m2\repository\org\apache\httpcomponents\core5\httpcore5\5.0.2\httpcore5-5.0.2.jar;C:\Users\VAIBHAV\.m2\repository\net\java\dev\jna\jna\5.8.0\jna-5.8.0.jar;C:\Users\VAIBHAV\.m2\repository\org\brotli\dec\0.1.2\dec-0.1.2.jar;C:\Users\VAIBHAV\.m2\repository\org\apache\commons\commons-lang3\3.12.0\commons-lang3-3.12.0.jar;C:\Users\VAIBHAV\.m2\repository\org\apache\maven\plugins\maven-surefire-plugin\3.0.0-M5\maven-surefire-plugin-3.0.0-M5.jar;C:\Users\VAIBHAV\.m2\repository\org\apache\maven\surefire\maven-surefire-common\3.0.0-M5\maven-surefire-common-3.0.0-M5.jar;C:\Users\VAIBHAV\.m2\repository\org\apache\maven\surefire\surefire-api\3.0.0-M5\surefire-api-3.0.0-M5.jar;C:\Users\VAIBHAV\.m2\repository\org\apache\maven\surefire\surefire-logger-api\3.0.0-M5\surefire-logger-api-3.0.0-M5.jar;C:\Users\VAIBHAV\.m2\repository\org\apache\maven\surefire\surefire-extensions-api\3.0.0-M5\surefire-extensions-api-3.0.0-M5.jar;C:\Users\VAIBHAV\.m2\repository\org\apache\maven\surefire\surefire-booter\3.0.0-M5\surefire-booter-3.0.0-M5.jar;C:\Users\VAIBHAV\.m2\repository\org\apache\maven\surefire\surefire-extensions-spi\3.0.0-M5\surefire-extensions-spi-3.0.0-M5.jar;C:\Users\VAIBHAV\.m2\repository\org\apache\maven\maven-toolchain\3.0-alpha-2\maven-toolchain-3.0-alpha-2.jar;C:\Users\VAIBHAV\.m2\repository\org\apache\maven\shared\maven-artifact-transfer\0.11.0\maven-artifact-transfer-0.11.0.jar;C:\Users\VAIBHAV\.m2\repository\org\apache\maven\shared\maven-common-artifact-filters\3.0.1\maven-common-artifact-filters-3.0.1.jar;C:\Users\VAIBHAV\.m2\repository\org\apache\maven\maven-model\3.0\maven-model-3.0.jar;C:\Users\VAIBHAV\.m2\repository\org\apache\maven\maven-plugin-api\3.0\maven-plugin-api-3.0.jar;C:\Users\VAIBHAV\.m2\repository\org\sonatype\sisu\sisu-inject-plexus\1.4.2\sisu-inject-plexus-1.4.2.jar;C:\Users\VAIBHAV\.m2\repository\org\codehaus\plexus\plexus-classworlds\2.2.3\plexus-classworlds-2.2.3.jar;C:\Users\VAIBHAV\.m2\repository\org\sonatype\sisu\sisu-inject-bean\1.4.2\sisu-inject-bean-1.4.2.jar;C:\Users\VAIBHAV\.m2\repository\org\sonatype\sisu\sisu-guice\2.1.7\sisu-guice-2.1.7-noaop.jar;C:\Users\VAIBHAV\.m2\repository\org\apache\maven\shared\maven-shared-utils\3.1.0\maven-shared-utils-3.1.0.jar;C:\Users\VAIBHAV\.m2\repository\org\codehaus\plexus\plexus-java\1.0.5\plexus-java-1.0.5.jar;C:\Users\VAIBHAV\.m2\repository\org\ow2\asm\asm\7.2\asm-7.2.jar;C:\Users\VAIBHAV\.m2\repository\com\thoughtworks\qdox\qdox\2.0-M9\qdox-2.0-M9.jar;C:\Users\VAIBHAV\.m2\repository\org\apache\maven\surefire\surefire-shared-utils\3.0.0-M4\surefire-shared-utils-3.0.0-M4.jar;"/>
    <property name="java.vm.vendor" value="Oracle Corporation"/>
    <property name="sun.arch.data.model" value="64"/>
    <property name="user.variant" value=""/>
    <property name="java.vendor.url" value="https://java.oracle.com/"/>
    <property name="user.timezone" value="Asia/Calcutta"/>
    <property name="os.name" value="Windows 10"/>
    <property name="java.vm.specification.version" value="18"/>
    <property name="sun.java.launcher" value="SUN_STANDARD"/>
    <property name="user.country" value="IN"/>
    <property name="sun.boot.library.path" value="C:\Program Files\Java\jdk-18\bin"/>
    <property name="sun.java.command" value="C:\Users\VAIBHAV\AppData\Local\Temp\surefire5336271332462255875\surefirebooter13650604331921038597.jar C:\Users\VAIBHAV\AppData\Local\Temp\surefire5336271332462255875 2022-04-03T17-37-10_546-jvmRun1 surefire13937993199540582952tmp surefire_016618973329264942873tmp"/>
    <property name="jdk.debug" value="release"/>
    <property name="surefire.test.class.path" value="C:\Users\VAIBHAV\eclipse-workspace\CH_Demo\target\test-classes;C:\Users\VAIBHAV\eclipse-workspace\CH_Demo\target\classes;C:\Users\VAIBHAV\.m2\repository\io\rest-assured\rest-assured\3.0.7\rest-assured-3.0.7.jar;C:\Users\VAIBHAV\.m2\repository\org\codehaus\groovy\groovy\2.4.12\groovy-2.4.12.jar;C:\Users\VAIBHAV\.m2\repository\org\codehaus\groovy\groovy-xml\2.4.12\groovy-xml-2.4.12.jar;C:\Users\VAIBHAV\.m2\repository\org\apache\httpcomponents\httpclient\4.5.3\httpclient-4.5.3.jar;C:\Users\VAIBHAV\.m2\repository\org\apache\httpcomponents\httpcore\4.4.6\httpcore-4.4.6.jar;C:\Users\VAIBHAV\.m2\repository\commons-logging\commons-logging\1.2\commons-logging-1.2.jar;C:\Users\VAIBHAV\.m2\repository\commons-codec\commons-codec\1.9\commons-codec-1.9.jar;C:\Users\VAIBHAV\.m2\repository\org\apache\httpcomponents\httpmime\4.5.1\httpmime-4.5.1.jar;C:\Users\VAIBHAV\.m2\repository\org\hamcrest\hamcrest-library\1.3\hamcrest-library-1.3.jar;C:\Users\VAIBHAV\.m2\repository\org\ccil\cowan\tagsoup\tagsoup\1.2.1\tagsoup-1.2.1.jar;C:\Users\VAIBHAV\.m2\repository\io\rest-assured\json-path\3.0.7\json-path-3.0.7.jar;C:\Users\VAIBHAV\.m2\repository\org\codehaus\groovy\groovy-json\2.4.12\groovy-json-2.4.12.jar;C:\Users\VAIBHAV\.m2\repository\io\rest-assured\rest-assured-common\3.0.7\rest-assured-common-3.0.7.jar;C:\Users\VAIBHAV\.m2\repository\io\rest-assured\xml-path\3.0.7\xml-path-3.0.7.jar;C:\Users\VAIBHAV\.m2\repository\javax\xml\bind\jaxb-api\2.2.12\jaxb-api-2.2.12.jar;C:\Users\VAIBHAV\.m2\repository\org\testng\testng\6.9.10\testng-6.9.10.jar;C:\Users\VAIBHAV\.m2\repository\com\beust\jcommander\1.48\jcommander-1.48.jar;C:\Users\VAIBHAV\.m2\repository\org\beanshell\bsh\2.0b4\bsh-2.0b4.jar;C:\Users\VAIBHAV\.m2\repository\org\codehaus\groovy\groovy-all\2.4.5\groovy-all-2.4.5.jar;C:\Users\VAIBHAV\.m2\repository\io\rest-assured\json-schema-validator\3.0.0\json-schema-validator-3.0.0.jar;C:\Users\VAIBHAV\.m2\repository\com\github\fge\json-schema-validator\2.2.6\json-schema-validator-2.2.6.jar;C:\Users\VAIBHAV\.m2\repository\com\google\code\findbugs\jsr305\3.0.0\jsr305-3.0.0.jar;C:\Users\VAIBHAV\.m2\repository\joda-time\joda-time\2.3\joda-time-2.3.jar;C:\Users\VAIBHAV\.m2\repository\com\googlecode\libphonenumber\libphonenumber\6.2\libphonenumber-6.2.jar;C:\Users\VAIBHAV\.m2\repository\com\github\fge\json-schema-core\1.2.5\json-schema-core-1.2.5.jar;C:\Users\VAIBHAV\.m2\repository\com\github\fge\uri-template\0.9\uri-template-0.9.jar;C:\Users\VAIBHAV\.m2\repository\com\github\fge\msg-simple\1.1\msg-simple-1.1.jar;C:\Users\VAIBHAV\.m2\repository\com\github\fge\btf\1.2\btf-1.2.jar;C:\Users\VAIBHAV\.m2\repository\com\github\fge\jackson-coreutils\1.8\jackson-coreutils-1.8.jar;C:\Users\VAIBHAV\.m2\repository\org\mozilla\rhino\1.7R4\rhino-1.7R4.jar;C:\Users\VAIBHAV\.m2\repository\javax\mail\mailapi\1.4.3\mailapi-1.4.3.jar;C:\Users\VAIBHAV\.m2\repository\javax\activation\activation\1.1\activation-1.1.jar;C:\Users\VAIBHAV\.m2\repository\net\sf\jopt-simple\jopt-simple\4.6\jopt-simple-4.6.jar;C:\Users\VAIBHAV\.m2\repository\org\hamcrest\hamcrest-core\2.2\hamcrest-core-2.2.jar;C:\Users\VAIBHAV\.m2\repository\org\hamcrest\hamcrest\2.2\hamcrest-2.2.jar;C:\Users\VAIBHAV\.m2\repository\org\seleniumhq\selenium\selenium-java\4.1.3\selenium-java-4.1.3.jar;C:\Users\VAIBHAV\.m2\repository\org\seleniumhq\selenium\selenium-api\4.1.3\selenium-api-4.1.3.jar;C:\Users\VAIBHAV\.m2\repository\org\seleniumhq\selenium\selenium-chrome-driver\4.1.3\selenium-chrome-driver-4.1.3.jar;C:\Users\VAIBHAV\.m2\repository\com\google\auto\service\auto-service-annotations\1.0.1\auto-service-annotations-1.0.1.jar;C:\Users\VAIBHAV\.m2\repository\com\google\auto\service\auto-service\1.0.1\auto-service-1.0.1.jar;C:\Users\VAIBHAV\.m2\repository\com\google\auto\auto-common\1.2\auto-common-1.2.jar;C:\Users\VAIBHAV\.m2\repository\com\google\guava\guava\31.1-jre\guava-31.1-jre.jar;C:\Users\VAIBHAV\.m2\repository\com\google\guava\failureaccess\1.0.1\failureaccess-1.0.1.jar;C:\Users\VAIBHAV\.m2\repository\com\google\guava\listenablefuture\9999.0-empty-to-avoid-conflict-with-guava\listenablefuture-9999.0-empty-to-avoid-conflict-with-guava.jar;C:\Users\VAIBHAV\.m2\repository\org\checkerframework\checker-qual\3.12.0\checker-qual-3.12.0.jar;C:\Users\VAIBHAV\.m2\repository\com\google\errorprone\error_prone_annotations\2.11.0\error_prone_annotations-2.11.0.jar;C:\Users\VAIBHAV\.m2\repository\com\google\j2objc\j2objc-annotations\1.3\j2objc-annotations-1.3.jar;C:\Users\VAIBHAV\.m2\repository\org\seleniumhq\selenium\selenium-chromium-driver\4.1.3\selenium-chromium-driver-4.1.3.jar;C:\Users\VAIBHAV\.m2\repository\org\seleniumhq\selenium\selenium-json\4.1.3\selenium-json-4.1.3.jar;C:\Users\VAIBHAV\.m2\repository\org\seleniumhq\selenium\selenium-devtools-v85\4.1.3\selenium-devtools-v85-4.1.3.jar;C:\Users\VAIBHAV\.m2\repository\org\seleniumhq\selenium\selenium-devtools-v97\4.1.3\selenium-devtools-v97-4.1.3.jar;C:\Users\VAIBHAV\.m2\repository\org\seleniumhq\selenium\selenium-devtools-v98\4.1.3\selenium-devtools-v98-4.1.3.jar;C:\Users\VAIBHAV\.m2\repository\org\seleniumhq\selenium\selenium-devtools-v99\4.1.3\selenium-devtools-v99-4.1.3.jar;C:\Users\VAIBHAV\.m2\repository\org\seleniumhq\selenium\selenium-edge-driver\4.1.3\selenium-edge-driver-4.1.3.jar;C:\Users\VAIBHAV\.m2\repository\org\seleniumhq\selenium\selenium-firefox-driver\4.1.3\selenium-firefox-driver-4.1.3.jar;C:\Users\VAIBHAV\.m2\repository\org\seleniumhq\selenium\selenium-ie-driver\4.1.3\selenium-ie-driver-4.1.3.jar;C:\Users\VAIBHAV\.m2\repository\org\seleniumhq\selenium\selenium-opera-driver\4.1.3\selenium-opera-driver-4.1.3.jar;C:\Users\VAIBHAV\.m2\repository\org\seleniumhq\selenium\selenium-remote-driver\4.1.3\selenium-remote-driver-4.1.3.jar;C:\Users\VAIBHAV\.m2\repository\io\netty\netty-buffer\4.1.75.Final\netty-buffer-4.1.75.Final.jar;C:\Users\VAIBHAV\.m2\repository\io\netty\netty-codec-http\4.1.75.Final\netty-codec-http-4.1.75.Final.jar;C:\Users\VAIBHAV\.m2\repository\io\netty\netty-codec\4.1.75.Final\netty-codec-4.1.75.Final.jar;C:\Users\VAIBHAV\.m2\repository\io\netty\netty-handler\4.1.75.Final\netty-handler-4.1.75.Final.jar;C:\Users\VAIBHAV\.m2\repository\io\netty\netty-common\4.1.75.Final\netty-common-4.1.75.Final.jar;C:\Users\VAIBHAV\.m2\repository\io\netty\netty-transport-classes-epoll\4.1.75.Final\netty-transport-classes-epoll-4.1.75.Final.jar;C:\Users\VAIBHAV\.m2\repository\io\netty\netty-transport-classes-kqueue\4.1.75.Final\netty-transport-classes-kqueue-4.1.75.Final.jar;C:\Users\VAIBHAV\.m2\repository\io\netty\netty-transport-native-epoll\4.1.75.Final\netty-transport-native-epoll-4.1.75.Final.jar;C:\Users\VAIBHAV\.m2\repository\io\netty\netty-transport-native-kqueue\4.1.75.Final\netty-transport-native-kqueue-4.1.75.Final.jar;C:\Users\VAIBHAV\.m2\repository\io\netty\netty-transport-native-unix-common\4.1.75.Final\netty-transport-native-unix-common-4.1.75.Final.jar;C:\Users\VAIBHAV\.m2\repository\io\netty\netty-transport\4.1.75.Final\netty-transport-4.1.75.Final.jar;C:\Users\VAIBHAV\.m2\repository\io\netty\netty-resolver\4.1.75.Final\netty-resolver-4.1.75.Final.jar;C:\Users\VAIBHAV\.m2\repository\io\opentelemetry\opentelemetry-api\1.12.0\opentelemetry-api-1.12.0.jar;C:\Users\VAIBHAV\.m2\repository\io\opentelemetry\opentelemetry-context\1.12.0\opentelemetry-context-1.12.0.jar;C:\Users\VAIBHAV\.m2\repository\io\opentelemetry\opentelemetry-exporter-logging\1.12.0\opentelemetry-exporter-logging-1.12.0.jar;C:\Users\VAIBHAV\.m2\repository\io\opentelemetry\opentelemetry-sdk-metrics\1.12.0-alpha\opentelemetry-sdk-metrics-1.12.0-alpha.jar;C:\Users\VAIBHAV\.m2\repository\io\opentelemetry\opentelemetry-sdk-logs\1.12.0-alpha\opentelemetry-sdk-logs-1.12.0-alpha.jar;C:\Users\VAIBHAV\.m2\repository\io\opentelemetry\opentelemetry-sdk-common\1.12.0\opentelemetry-sdk-common-1.12.0.jar;C:\Users\VAIBHAV\.m2\repository\io\opentelemetry\opentelemetry-sdk-extension-autoconfigure-spi\1.12.0\opentelemetry-sdk-extension-autoconfigure-spi-1.12.0.jar;C:\Users\VAIBHAV\.m2\repository\io\opentelemetry\opentelemetry-sdk-extension-autoconfigure\1.12.0-alpha\opentelemetry-sdk-extension-autoconfigure-1.12.0-alpha.jar;C:\Users\VAIBHAV\.m2\repository\io\opentelemetry\opentelemetry-sdk-trace\1.12.0\opentelemetry-sdk-trace-1.12.0.jar;C:\Users\VAIBHAV\.m2\repository\io\opentelemetry\opentelemetry-sdk\1.12.0\opentelemetry-sdk-1.12.0.jar;C:\Users\VAIBHAV\.m2\repository\io\opentelemetry\opentelemetry-semconv\1.12.0-alpha\opentelemetry-semconv-1.12.0-alpha.jar;C:\Users\VAIBHAV\.m2\repository\io\ous\jtoml\2.0.0\jtoml-2.0.0.jar;C:\Users\VAIBHAV\.m2\repository\net\bytebuddy\byte-buddy\1.12.8\byte-buddy-1.12.8.jar;C:\Users\VAIBHAV\.m2\repository\org\apache\commons\commons-exec\1.3\commons-exec-1.3.jar;C:\Users\VAIBHAV\.m2\repository\org\asynchttpclient\async-http-client\2.12.3\async-http-client-2.12.3.jar;C:\Users\VAIBHAV\.m2\repository\org\asynchttpclient\async-http-client-netty-utils\2.12.3\async-http-client-netty-utils-2.12.3.jar;C:\Users\VAIBHAV\.m2\repository\io\netty\netty-codec-socks\4.1.60.Final\netty-codec-socks-4.1.60.Final.jar;C:\Users\VAIBHAV\.m2\repository\io\netty\netty-handler-proxy\4.1.60.Final\netty-handler-proxy-4.1.60.Final.jar;C:\Users\VAIBHAV\.m2\repository\io\netty\netty-transport-native-epoll\4.1.60.Final\netty-transport-native-epoll-4.1.60.Final-linux-x86_64.jar;C:\Users\VAIBHAV\.m2\repository\io\netty\netty-transport-native-kqueue\4.1.60.Final\netty-transport-native-kqueue-4.1.60.Final-osx-x86_64.jar;C:\Users\VAIBHAV\.m2\repository\org\reactivestreams\reactive-streams\1.0.3\reactive-streams-1.0.3.jar;C:\Users\VAIBHAV\.m2\repository\com\typesafe\netty\netty-reactive-streams\2.0.4\netty-reactive-streams-2.0.4.jar;C:\Users\VAIBHAV\.m2\repository\com\sun\activation\jakarta.activation\1.2.2\jakarta.activation-1.2.2.jar;C:\Users\VAIBHAV\.m2\repository\org\seleniumhq\selenium\selenium-http\4.1.3\selenium-http-4.1.3.jar;C:\Users\VAIBHAV\.m2\repository\dev\failsafe\failsafe\3.2.3\failsafe-3.2.3.jar;C:\Users\VAIBHAV\.m2\repository\org\seleniumhq\selenium\selenium-safari-driver\4.1.3\selenium-safari-driver-4.1.3.jar;C:\Users\VAIBHAV\.m2\repository\org\seleniumhq\selenium\selenium-support\4.1.3\selenium-support-4.1.3.jar;C:\Users\VAIBHAV\.m2\repository\log4j\log4j\1.2.17\log4j-1.2.17.jar;C:\Users\VAIBHAV\.m2\repository\io\github\bonigarcia\webdrivermanager\5.1.0\webdrivermanager-5.1.0.jar;C:\Users\VAIBHAV\.m2\repository\org\slf4j\slf4j-api\1.7.36\slf4j-api-1.7.36.jar;C:\Users\VAIBHAV\.m2\repository\com\google\code\gson\gson\2.9.0\gson-2.9.0.jar;C:\Users\VAIBHAV\.m2\repository\com\github\docker-java\docker-java\3.2.13\docker-java-3.2.13.jar;C:\Users\VAIBHAV\.m2\repository\com\github\docker-java\docker-java-core\3.2.13\docker-java-core-3.2.13.jar;C:\Users\VAIBHAV\.m2\repository\com\github\docker-java\docker-java-api\3.2.13\docker-java-api-3.2.13.jar;C:\Users\VAIBHAV\.m2\repository\com\fasterxml\jackson\core\jackson-annotations\2.10.3\jackson-annotations-2.10.3.jar;C:\Users\VAIBHAV\.m2\repository\commons-io\commons-io\2.6\commons-io-2.6.jar;C:\Users\VAIBHAV\.m2\repository\org\apache\commons\commons-compress\1.21\commons-compress-1.21.jar;C:\Users\VAIBHAV\.m2\repository\com\fasterxml\jackson\core\jackson-databind\2.10.3\jackson-databind-2.10.3.jar;C:\Users\VAIBHAV\.m2\repository\com\fasterxml\jackson\core\jackson-core\2.10.3\jackson-core-2.10.3.jar;C:\Users\VAIBHAV\.m2\repository\org\bouncycastle\bcpkix-jdk15on\1.64\bcpkix-jdk15on-1.64.jar;C:\Users\VAIBHAV\.m2\repository\org\bouncycastle\bcprov-jdk15on\1.64\bcprov-jdk15on-1.64.jar;C:\Users\VAIBHAV\.m2\repository\org\slf4j\jcl-over-slf4j\1.7.30\jcl-over-slf4j-1.7.30.jar;C:\Users\VAIBHAV\.m2\repository\com\github\docker-java\docker-java-transport-httpclient5\3.2.13\docker-java-transport-httpclient5-3.2.13.jar;C:\Users\VAIBHAV\.m2\repository\com\github\docker-java\docker-java-transport\3.2.13\docker-java-transport-3.2.13.jar;C:\Users\VAIBHAV\.m2\repository\org\apache\httpcomponents\client5\httpclient5\5.0.3\httpclient5-5.0.3.jar;C:\Users\VAIBHAV\.m2\repository\org\apache\httpcomponents\core5\httpcore5\5.0.2\httpcore5-5.0.2.jar;C:\Users\VAIBHAV\.m2\repository\net\java\dev\jna\jna\5.8.0\jna-5.8.0.jar;C:\Users\VAIBHAV\.m2\repository\org\brotli\dec\0.1.2\dec-0.1.2.jar;C:\Users\VAIBHAV\.m2\repository\org\apache\commons\commons-lang3\3.12.0\commons-lang3-3.12.0.jar;C:\Users\VAIBHAV\.m2\repository\org\apache\maven\plugins\maven-surefire-plugin\3.0.0-M5\maven-surefire-plugin-3.0.0-M5.jar;C:\Users\VAIBHAV\.m2\repository\org\apache\maven\surefire\maven-surefire-common\3.0.0-M5\maven-surefire-common-3.0.0-M5.jar;C:\Users\VAIBHAV\.m2\repository\org\apache\maven\surefire\surefire-api\3.0.0-M5\surefire-api-3.0.0-M5.jar;C:\Users\VAIBHAV\.m2\repository\org\apache\maven\surefire\surefire-logger-api\3.0.0-M5\surefire-logger-api-3.0.0-M5.jar;C:\Users\VAIBHAV\.m2\repository\org\apache\maven\surefire\surefire-extensions-api\3.0.0-M5\surefire-extensions-api-3.0.0-M5.jar;C:\Users\VAIBHAV\.m2\repository\org\apache\maven\surefire\surefire-booter\3.0.0-M5\surefire-booter-3.0.0-M5.jar;C:\Users\VAIBHAV\.m2\repository\org\apache\maven\surefire\surefire-extensions-spi\3.0.0-M5\surefire-extensions-spi-3.0.0-M5.jar;C:\Users\VAIBHAV\.m2\repository\org\apache\maven\maven-toolchain\3.0-alpha-2\maven-toolchain-3.0-alpha-2.jar;C:\Users\VAIBHAV\.m2\repository\org\apache\maven\shared\maven-artifact-transfer\0.11.0\maven-artifact-transfer-0.11.0.jar;C:\Users\VAIBHAV\.m2\repository\org\apache\maven\shared\maven-common-artifact-filters\3.0.1\maven-common-artifact-filters-3.0.1.jar;C:\Users\VAIBHAV\.m2\repository\org\apache\maven\maven-model\3.0\maven-model-3.0.jar;C:\Users\VAIBHAV\.m2\repository\org\apache\maven\maven-plugin-api\3.0\maven-plugin-api-3.0.jar;C:\Users\VAIBHAV\.m2\repository\org\sonatype\sisu\sisu-inject-plexus\1.4.2\sisu-inject-plexus-1.4.2.jar;C:\Users\VAIBHAV\.m2\repository\org\codehaus\plexus\plexus-classworlds\2.2.3\plexus-classworlds-2.2.3.jar;C:\Users\VAIBHAV\.m2\repository\org\sonatype\sisu\sisu-inject-bean\1.4.2\sisu-inject-bean-1.4.2.jar;C:\Users\VAIBHAV\.m2\repository\org\sonatype\sisu\sisu-guice\2.1.7\sisu-guice-2.1.7-noaop.jar;C:\Users\VAIBHAV\.m2\repository\org\apache\maven\shared\maven-shared-utils\3.1.0\maven-shared-utils-3.1.0.jar;C:\Users\VAIBHAV\.m2\repository\org\codehaus\plexus\plexus-java\1.0.5\plexus-java-1.0.5.jar;C:\Users\VAIBHAV\.m2\repository\org\ow2\asm\asm\7.2\asm-7.2.jar;C:\Users\VAIBHAV\.m2\repository\com\thoughtworks\qdox\qdox\2.0-M9\qdox-2.0-M9.jar;C:\Users\VAIBHAV\.m2\repository\org\apache\maven\surefire\surefire-shared-utils\3.0.0-M4\surefire-shared-utils-3.0.0-M4.jar;"/>
    <property name="sun.cpu.endian" value="little"/>
    <property name="user.home" value="C:\Users\VAIBHAV"/>
    <property name="user.language" value="en"/>
    <property name="java.specification.vendor" value="Oracle Corporation"/>
    <property name="java.version.date" value="2022-03-22"/>
    <property name="java.home" value="C:\Program Files\Java\jdk-18"/>
    <property name="file.separator" value="\"/>
    <property name="basedir" value="C:\Users\VAIBHAV\eclipse-workspace\CH_Demo"/>
    <property name="java.vm.compressedOopsMode" value="32-bit"/>
    <property name="line.separator" value="&#10;"/>
    <property name="java.vm.specification.vendor" value="Oracle Corporation"/>
    <property name="java.specification.name" value="Java Platform API Specification"/>
    <property name="surefire.real.class.path" value="C:\Users\VAIBHAV\AppData\Local\Temp\surefire5336271332462255875\surefirebooter13650604331921038597.jar"/>
    <property name="user.script" value=""/>
    <property name="sun.management.compiler" value="HotSpot 64-Bit Tiered Compilers"/>
    <property name="java.runtime.version" value="18+36-2087"/>
    <property name="user.name" value="VAIBHAV"/>
    <property name="path.separator" value=";"/>
    <property name="otel.metrics.exporter" value="none"/>
    <property name="os.version" value="10.0"/>
    <property name="java.runtime.name" value="Java(TM) SE Runtime Environment"/>
    <property name="otel.traces.exporter" value="none"/>
    <property name="file.encoding" value="UTF-8"/>
    <property name="browser" value="remoteChrome"/>
    <property name="java.vm.name" value="Java HotSpot(TM) 64-Bit Server VM"/>
    <property name="localRepository" value="C:\Users\VAIBHAV\.m2\repository"/>
    <property name="java.vendor.url.bug" value="https://bugreport.java.com/bugreport/"/>
    <property name="java.io.tmpdir" value="C:\Users\VAIBHAV\AppData\Local\Temp\"/>
    <property name="java.version" value="18"/>
    <property name="user.dir" value="C:\Users\VAIBHAV\eclipse-workspace\CH_Demo"/>
    <property name="os.arch" value="amd64"/>
    <property name="java.vm.specification.name" value="Java Virtual Machine Specification"/>
    <property name="sun.os.patch.level" value=""/>
    <property name="native.encoding" value="Cp1252"/>
    <property name="java.library.path" value="C:\Program Files\Java\jdk-18\bin;C:\Windows\Sun\Java\bin;C:\Windows\system32;C:\Windows;C:\Program Files\Common Files\Oracle\Java\javapath;C:\Windows\system32;C:\Windows;C:\Windows\System32\Wbem;C:\Windows\System32\WindowsPowerShell\v1.0\;C:\Windows\System32\OpenSSH\;C:\Program Files\Git\cmd;C:\Program Files\GitHub CLI\;C:\Program Files\Docker\Docker\resources\bin;C:\ProgramData\DockerDesktop\version-bin;C:\Apache Download\apache-maven-3.8.5-bin\apache-maven-3.8.5\bin;C:\Users\VAIBHAV\AppData\Local\Microsoft\WindowsApps;C:\Program Files\JetBrains\IntelliJ IDEA Community Edition 2021.3.3\bin;."/>
    <property name="java.vm.info" value="mixed mode, sharing"/>
    <property name="java.vendor" value="Oracle Corporation"/>
    <property name="java.vm.version" value="18+36-2087"/>
    <property name="propertyName" value="browser"/>
    <property name="sun.io.unicode.encoding" value="UnicodeLittle"/>
    <property name="java.class.version" value="62.0"/>
  </properties>
  <testcase name="setUp" classname="tests.WebAutomationTest" time="2.549">
    <failure message="Could not start a new session. Possible causes are invalid address of the remote server or browser start-up failure.&#10;Build info: version: &apos;4.1.3&apos;, revision: &apos;7b1ebf28ef&apos;&#10;System info: host: &apos;DESKTOP-VVR08CM&apos;, ip: &apos;192.168.29.50&apos;, os.name: &apos;Windows 10&apos;, os.arch: &apos;amd64&apos;, os.version: &apos;10.0&apos;, java.version: &apos;18&apos;&#10;Driver info: org.openqa.selenium.remote.RemoteWebDriver&#10;Command: [null, newSession {capabilities=[Capabilities {browserName: chrome, goog:chromeOptions: {args: [--disable-dev-shm-usage], extensions: []}}], desiredCapabilities=Capabilities {browserName: chrome, goog:chromeOptions: {args: [--disable-dev-shm-usage], extensions: []}}}]&#10;Capabilities {}" type="org.openqa.selenium.SessionNotCreatedException"><![CDATA[org.openqa.selenium.SessionNotCreatedException: 
Could not start a new session. Possible causes are invalid address of the remote server or browser start-up failure.
Build info: version: '4.1.3', revision: '7b1ebf28ef'
System info: host: 'DESKTOP-VVR08CM', ip: '192.168.29.50', os.name: 'Windows 10', os.arch: 'amd64', os.version: '10.0', java.version: '18'
Driver info: org.openqa.selenium.remote.RemoteWebDriver
Command: [null, newSession {capabilities=[Capabilities {browserName: chrome, goog:chromeOptions: {args: [--disable-dev-shm-usage], extensions: []}}], desiredCapabilities=Capabilities {browserName: chrome, goog:chromeOptions: {args: [--disable-dev-shm-usage], extensions: []}}}]
Capabilities {}
Caused by: java.io.UncheckedIOException: java.net.ConnectException: Connection refused: no further information: localhost/[0:0:0:0:0:0:0:1]:4444
Caused by: java.net.ConnectException: Connection refused: no further information: localhost/[0:0:0:0:0:0:0:1]:4444
Caused by: io.netty.channel.AbstractChannel$AnnotatedConnectException: Connection refused: no further information: localhost/[0:0:0:0:0:0:0:1]:4444
Caused by: java.net.ConnectException: Connection refused: no further information
]]></failure>
    <system-out><![CDATA[[TestNGContentHandler] [WARN] It is strongly recommended to add "<!DOCTYPE suite SYSTEM "http://testng.org/testng-1.0.dtd" >" at the top of your file, otherwise TestNG may fail or not work as expected.
]]></system-out>
    <system-err><![CDATA[Apr 03, 2022 5:37:12 PM org.openqa.selenium.remote.tracing.opentelemetry.OpenTelemetryTracer createTracer
INFO: Using OpenTelemetry for tracing
SLF4J: Failed to load class "org.slf4j.impl.StaticLoggerBinder".
SLF4J: Defaulting to no-operation (NOP) logger implementation
SLF4J: See http://www.slf4j.org/codes.html#StaticLoggerBinder for further details.
log4j:WARN No appenders could be found for logger (io.netty.util.internal.logging.InternalLoggerFactory).
log4j:WARN Please initialize the log4j system properly.
log4j:WARN See http://logging.apache.org/log4j/1.2/faq.html#noconfig for more info.
]]></system-err>
  </testcase>
  <testcase name="Test1" classname="tests.WebAutomationTest" time="0">
    <skipped/>
  </testcase>
  <testcase name="tearDown" classname="tests.WebAutomationTest" time="0">
    <skipped/>
  </testcase>
</testsuite>