<?xml version="1.0" encoding="UTF-8"?>
<!-- Generated by org.testng.reporters.JUnitReportReporter -->
<testsuite hostname="DESKTOP-VVR08CM" failures="0" tests="2" name="tests.APIAutomationTest" time="5.683" errors="0" timestamp="4 Apr 2022 14:08:41 GMT">
  <testcase classname="tests.APIAutomationTest" name="API_Test" time="5.179"/>
  <testcase classname="tests.APIAutomationTest" name="API_Test" time="0.504"/>
</testsuite> <!-- tests.APIAutomationTest -->
