<?xml version="1.0" encoding="UTF-8"?>
<!-- Generated by org.testng.reporters.JUnitReportReporter -->
<testsuite hostname="DESKTOP-VVR08CM" failures="0" tests="1" name="tests.WebAutomationTest" time="16.617" errors="0" timestamp="3 Apr 2022 12:05:58 GMT">
  <testcase classname="tests.WebAutomationTest" name="Test1" time="16.617"/>
</testsuite> <!-- tests.WebAutomationTest -->
