<?xml version="1.0" encoding="UTF-8"?>
<!-- Generated by org.testng.reporters.JUnitReportReporter -->
<testsuite hostname="DESKTOP-VVR08CM" failures="0" tests="1" name="tests.WebAutomationTest" time="14.902" errors="0" timestamp="3 Apr 2022 09:35:58 GMT">
  <testcase classname="tests.WebAutomationTest" name="Test1" time="14.902"/>
</testsuite> <!-- tests.WebAutomationTest -->
