<?xml version="1.0" encoding="UTF-8"?>
<!-- Generated by org.testng.reporters.JUnitReportReporter -->
<testsuite hostname="DESKTOP-VVR08CM" failures="0" tests="1" name="tests.APIAutomationTest" time="3.468" errors="0" timestamp="3 Apr 2022 07:27:29 GMT">
  <testcase classname="tests.APIAutomationTest" name="postUser" time="3.468"/>
</testsuite> <!-- tests.APIAutomationTest -->
