<?xml version="1.0" encoding="UTF-8"?>
<!-- Generated by org.testng.reporters.JUnitReportReporter -->
<testsuite hostname="DESKTOP-VVR08CM" failures="0" tests="2" name="tests.APIAutomationTest" time="5.571" errors="0" timestamp="4 Apr 2022 16:32:00 GMT">
  <testcase classname="tests.APIAutomationTest" name="API_Test" time="4.415"/>
  <testcase classname="tests.APIAutomationTest" name="API_Test" time="1.156"/>
</testsuite> <!-- tests.APIAutomationTest -->
