<?xml version="1.0" encoding="UTF-8"?>
<!-- Generated by org.testng.reporters.JUnitReportReporter -->
<testsuite hostname="DESKTOP-VVR08CM" failures="0" tests="2" name="tests.APIAutomationTest" time="4.790" errors="0" timestamp="3 Apr 2022 17:21:15 GMT">
  <testcase classname="tests.APIAutomationTest" name="Test2" time="0.489"/>
  <testcase classname="tests.APIAutomationTest" name="Test2" time="4.301"/>
</testsuite> <!-- tests.APIAutomationTest -->
