<?xml version="1.0" encoding="UTF-8"?>
<!-- Generated by org.testng.reporters.JUnitReportReporter -->
<testsuite hostname="DESKTOP-VVR08CM" failures="0" tests="1" name="tests.WebAutomationTest" time="15.723" errors="0" timestamp="3 Apr 2022 09:38:57 GMT">
  <testcase classname="tests.WebAutomationTest" name="Test1" time="15.723"/>
</testsuite> <!-- tests.WebAutomationTest -->
